CRITICAL - 2023-09-24 10:15:41 --> Undefined variable $user
in APPPATH\Views\insert_playlist.php on line 17.
 1 APPPATH\Views\insert_playlist.php(17): CodeIgniter\Debug\Exceptions->errorHandler(2, 'Undefined variable $user', 'C:\\laragon\\www\\musicplayerJTB\\app\\Views\\insert_playlist.php', 17)
 2 SYSTEMPATH\View\View.php(226): include('C:\\laragon\\www\\musicplayerJTB\\app\\Views\\insert_playlist.php')
 3 SYSTEMPATH\View\View.php(229): CodeIgniter\View\View->CodeIgniter\View\{closure}()
 4 SYSTEMPATH\Common.php(1188): CodeIgniter\View\View->render('insert_playlist', [], true)
 5 APPPATH\Controllers\MusicController.php(26): view('insert_playlist')
 6 SYSTEMPATH\CodeIgniter.php(919): App\Controllers\MusicController->insertp()
 7 SYSTEMPATH\CodeIgniter.php(494): CodeIgniter\CodeIgniter->runController(Object(App\Controllers\MusicController))
 8 SYSTEMPATH\CodeIgniter.php(353): CodeIgniter\CodeIgniter->handleRequest(null, Object(Config\Cache), false)
 9 FCPATH\index.php(79): CodeIgniter\CodeIgniter->run()
10 SYSTEMPATH\Commands\Server\rewrite.php(47): require_once('C:\\laragon\\www\\musicplayerJTB\\public\\index.php')
CRITICAL - 2023-09-24 13:10:35 --> Undefined variable $user
in APPPATH\Views\home.php on line 88.
 1 APPPATH\Views\home.php(88): CodeIgniter\Debug\Exceptions->errorHandler(2, 'Undefined variable $user', 'C:\\laragon\\www\\musicplayerJTB\\app\\Views\\home.php', 88)
 2 SYSTEMPATH\View\View.php(226): include('C:\\laragon\\www\\musicplayerJTB\\app\\Views\\home.php')
 3 SYSTEMPATH\View\View.php(229): CodeIgniter\View\View->CodeIgniter\View\{closure}()
 4 SYSTEMPATH\Common.php(1188): CodeIgniter\View\View->render('home', [], true)
 5 APPPATH\Controllers\MusicController.php(21): view('home', [...])
 6 SYSTEMPATH\CodeIgniter.php(919): App\Controllers\MusicController->home()
 7 SYSTEMPATH\CodeIgniter.php(494): CodeIgniter\CodeIgniter->runController(Object(App\Controllers\MusicController))
 8 SYSTEMPATH\CodeIgniter.php(353): CodeIgniter\CodeIgniter->handleRequest(null, Object(Config\Cache), false)
 9 FCPATH\index.php(79): CodeIgniter\CodeIgniter->run()
10 SYSTEMPATH\Commands\Server\rewrite.php(47): require_once('C:\\laragon\\www\\musicplayerJTB\\public\\index.php')
